
> web@0.0.1 dev
> next dev --port 3000

 тип Failed to start server
Error: listen EADDRINUSE: address already in use :::3000
    at <unknown> (Error: listen EADDRINUSE: address already in use :::3000)
    at new Promise (<anonymous>) {
  code: 'EADDRINUSE',
  errno: -48,
  syscall: 'listen',
  address: '::',
  port: 3000
}
[?25h
npm error Lifecycle script `dev` failed with error:
npm error code 1
npm error path /Users/danielrajanigl/Documents/fitness-ai-v2/apps/web
npm error workspace web@0.0.1
npm error location /Users/danielrajanigl/Documents/fitness-ai-v2/apps/web
npm error command failed
npm error command sh -c next dev --port 3000
